<?xml version="1.0" encoding="UTF-8"?>
<testng-results ignored="0" total="1" passed="1" failed="0" skipped="0">
  <reporter-output>
  </reporter-output>
  <suite started-at="2024-01-06T21:42:27 IST" name="Default suite" finished-at="2024-01-06T21:42:52 IST" duration-ms="24909">
    <groups>
    </groups>
    <test started-at="2024-01-06T21:42:27 IST" name="Default test" finished-at="2024-01-06T21:42:52 IST" duration-ms="24909">
      <class name="testScript.WorkingWithAddAddress">
        <test-method is-config="true" signature="openBrowser()[pri:0, instance:testScript.WorkingWithAddAddress@22555ebf]" started-at="2024-01-06T21:42:27 IST" name="openBrowser" finished-at="2024-01-06T21:42:36 IST" duration-ms="8417" status="PASS">
          <reporter-output>
          </reporter-output>
        </test-method> <!-- openBrowser -->
        <test-method signature="addAddress()[pri:0, instance:testScript.WorkingWithAddAddress@22555ebf]" started-at="2024-01-06T21:42:36 IST" name="addAddress" finished-at="2024-01-06T21:42:52 IST" duration-ms="15848" status="PASS">
          <reporter-output>
          </reporter-output>
        </test-method> <!-- addAddress -->
        <test-method is-config="true" signature="closebrowser()[pri:0, instance:testScript.WorkingWithAddAddress@22555ebf]" started-at="2024-01-06T21:42:52 IST" name="closebrowser" finished-at="2024-01-06T21:42:52 IST" duration-ms="616" status="PASS">
          <reporter-output>
          </reporter-output>
        </test-method> <!-- closebrowser -->
      </class> <!-- testScript.WorkingWithAddAddress -->
    </test> <!-- Default test -->
  </suite> <!-- Default suite -->
</testng-results>
